<?xml version="1.0" encoding="UTF-8"?>
<testng-results ignored="1" total="3" passed="2" failed="0" skipped="0">
  <reporter-output>
  </reporter-output>
  <suite started-at="2020-05-11T16:32:07 IST" name="Suite" finished-at="2020-05-11T16:32:07 IST" duration-ms="96">
    <groups>
    </groups>
    <test started-at="2020-05-11T16:32:07 IST" name="Test" finished-at="2020-05-11T16:32:07 IST" duration-ms="96">
      <class name="incudeExclude.IncludeExclude">
        <test-method signature="test2()[pri:0, instance:incudeExclude.IncludeExclude@7ff95560]" started-at="2020-05-11T16:32:07 IST" name="test2" finished-at="2020-05-11T16:32:07 IST" duration-ms="13" status="PASS">
          <reporter-output>
          </reporter-output>
        </test-method> <!-- test2 -->
        <test-method signature="test3()[pri:0, instance:incudeExclude.IncludeExclude@7ff95560]" started-at="2020-05-11T16:32:07 IST" name="test3" finished-at="2020-05-11T16:32:07 IST" duration-ms="3" status="PASS">
          <reporter-output>
          </reporter-output>
        </test-method> <!-- test3 -->
      </class> <!-- incudeExclude.IncludeExclude -->
    </test> <!-- Test -->
  </suite> <!-- Suite -->
</testng-results>
