<?xml version="1.0" encoding="UTF-8"?>
<!-- Generated by org.testng.reporters.JUnitXMLReporter -->
<testsuite ignored="1" hostname="DESKTOP-SIK9TSA" failures="0" tests="2" name="Test" time="0.096" errors="0" timestamp="2020-05-11T16:32:07 IST">
  <testcase classname="incudeExclude.IncludeExclude" name="test2" time="0.013"/>
  <testcase classname="incudeExclude.IncludeExclude" name="test3" time="0.003"/>
  <testcase classname="incudeExclude.IncludeExclude" name="test1" time="0.0">
    <ignored/>
  </testcase> <!-- test1 -->
</testsuite> <!-- Test -->
