<?xml version="1.0" encoding="UTF-8"?>
<!-- Generated by org.testng.reporters.JUnitXMLReporter -->
<testsuite ignored="1" hostname="DESKTOP-SIK9TSA" failures="0" tests="2" name="Default test" time="0.083" errors="0" timestamp="2020-05-11T16:29:54 IST">
  <testcase classname="enableDisable.FirstTest" name="test2" time="0.014"/>
  <testcase classname="enableDisable.FirstTest" name="test3" time="0.002"/>
  <testcase classname="enableDisable.FirstTest" name="test1" time="0.0">
    <ignored/>
  </testcase> <!-- test1 -->
</testsuite> <!-- Default test -->
